Arguments: 
  C:\Program Files\nodejs\node.exe C:\Program Files (x86)\Yarn\bin\yarn.js

PATH: 
  C:\ProgramData\Oracle\Java\javapath;C:\Program Files (x86)\NVIDIA Corporation\PhysX\Common;C:\WINDOWS\system32;C:\WINDOWS;C:\WINDOWS\System32\Wbem;C:\WINDOWS\System32\WindowsPowerShell\v1.0\;C:\WINDOWS\system32\config\systemprofile\.dnx\bin;C:\Program Files\Microsoft DNX\Dnvm\;C:\Program Files\Calibre2\;C:\Program Files\Git\cmd;C:\Program Files (x86)\Skype\Phone\;C:\Program Files (x86)\Yarn\bin;C:\Program Files\nodejs\;C:\Users\timoe\AppData\Local\atom\bin;C:\Program Files (x86)\FAHClient;C:\Users\timoe\AppData\Local\Pandoc\;C:\Users\timoe\AppData\Local\Microsoft\WindowsApps;C:\Users\timoe\AppData\Local\GitHubDesktop\bin;;C:\Program Files\Microsoft VS Code\bin;C:\Users\timoe\AppData\Local\Yarn\bin;C:\Users\timoe\AppData\Roaming\npm

Yarn version: 
  1.3.2

Node version: 
  8.9.4

Platform: 
  win32 x64

npm manifest: 
  {
    "devDependencies": {
      "gulp": "^3.9.1",
      "gulp-autoprefixer": "^4.1.0",
      "gulp-eslint": "^4.0.1",
      "gulp-sass": "^3.1.0",
      "gulp-sourcemaps": "^2.6.4",
      "sassdoc": "^2.5.0"
    }
  }

yarn manifest: 
  No manifest

Lockfile: 
  No lockfile

Trace: 
  SyntaxError: C:\Users\timoe\stack\Dev\JS-lessons\package.json: Unexpected end of JSON input
      at JSON.parse (<anonymous>)
      at C:\Program Files (x86)\Yarn\lib\cli.js:770:59
      at Generator.next (<anonymous>)
      at step (C:\Program Files (x86)\Yarn\lib\cli.js:92:30)
      at C:\Program Files (x86)\Yarn\lib\cli.js:103:13
      at <anonymous>
